<?xml version="1.0" encoding="UTF-8"?>
<!-- Generated by org.testng.reporters.JUnitXMLReporter -->
<testsuite ignored="0" hostname="LAPTOP-HVA02F7B" failures="0" tests="10" name="TestCase Execution for Login, Register and Search" time="97.157" errors="0" timestamp="2024-10-10T17:46:26 IST">
  <testcase classname="com.seleniumproject.tests.Login" name="verifyLoginWithValidCredentials" time="1.066"/>
  <testcase classname="com.seleniumproject.tests.Login" name="VerifyLoginWithValidEmailInvalidPassword" time="0.705"/>
  <testcase classname="com.seleniumproject.tests.Login" name="VerifyLoginWithInValidEmaiValidPassword" time="0.677"/>
  <testcase classname="com.seleniumproject.tests.Login" name="VerifyLoginWithInValidEmaiInValidPassword" time="3.729"/>
  <testcase classname="com.seleniumproject.tests.Login" name="VerifyLoginWithBlankEmailAndPassword" time="0.465"/>
  <testcase classname="com.seleniumproject.tests.Register" name="VerifyUserRegistrationWithMandatoryFields" time="5.249"/>
  <testcase classname="com.seleniumproject.tests.Register" name="VerifyUserRegisstrationWithSubscription" time="5.466"/>
  <testcase classname="com.seleniumproject.tests.Register" name="VerifyUserRegistrationWithAlreadyRegisteredEmail" time="5.141"/>
  <testcase classname="com.seleniumproject.tests.Register" name="VerifyUserRegistsrationValidations" time="2.378"/>
  <testcase classname="com.seleniumproject.tests.Search" name="verifySearchWithValidProduct" time="0.884"/>
</testsuite> <!-- TestCase Execution for Login, Register and Search -->
